C51 COMPILER V9.59.0.0   OLED_MAIN                                                         02/18/2020 20:32:01 PAGE 1   


C51 COMPILER V9.59.0.0, COMPILATION OF MODULE OLED_MAIN
OBJECT MODULE PLACED IN .\Objects\OLED_Main.obj
COMPILER INVOKED BY: D:\Keil5\C51\C51\BIN\C51.EXE OLED_Main.c LARGE OPTIMIZE(8,SPEED) BROWSE DEBUG OBJECTEXTEND PRINT(.\
                    -Listings\OLED_Main.lst) OBJECT(.\Objects\OLED_Main.obj)

line level    source

   1          #include "Headers.h"
   2          
   3          
   4          void main()
   5          {
   6   1      
   7   1      
   8   1      }


MODULE INFORMATION:   STATIC OVERLAYABLE
   CODE SIZE        =      1    ----
   CONSTANT SIZE    =   ----    ----
   XDATA SIZE       =   ----    ----
   PDATA SIZE       =   ----    ----
   DATA SIZE        =   ----    ----
   IDATA SIZE       =   ----    ----
   BIT SIZE         =   ----    ----
END OF MODULE INFORMATION.


C51 COMPILATION COMPLETE.  0 WARNING(S),  0 ERROR(S)
