C51 COMPILER V9.59.0.0   OLED_CODE                                                         02/18/2020 21:57:26 PAGE 1   


C51 COMPILER V9.59.0.0, COMPILATION OF MODULE OLED_CODE
OBJECT MODULE PLACED IN .\Objects\OLED_Code.obj
COMPILER INVOKED BY: D:\Keil5\C51\C51\BIN\C51.EXE OLED_Code.c LARGE OPTIMIZE(8,SPEED) BROWSE DEBUG OBJECTEXTEND PRINT(.\
                    -Listings\OLED_Code.lst) OBJECT(.\Objects\OLED_Code.obj)

line level    source

   1          #include "Headers.h"
   2          
   3          
   4          /***************************16*16的点阵字体取模方式：共阴――列行式――逆向输出*********/
   5          const unsigned char code F16x16[] =              
   6          {         
   7          0x00,0x00,0x00,0x00,0x00,0x00,0x00,0x00,0x00,0x00,0x00,0x00,0x00,0x00,0x00,0x00,
   8          0x00,0x00,0x00,0x00,0x00,0x00,0x00,0x00,0x00,0x00,0x00,0x00,0x00,0x00,0x00,0x00,/*" ",0*/
   9          0x00,0x02,0x02,0xFA,0xFA,0xAA,0xAA,0xFF,0xFF,0xAA,0xAA,0xFA,0xFA,0x02,0x02,0x00,
  10          0x00,0x42,0x72,0x72,0x3A,0x7A,0x42,0x4B,0x5B,0x52,0x62,0x62,0x13,0x77,0x66,0x00,/*"惠",1*/
  11          0x20,0x3C,0x1C,0xFF,0xFF,0xB0,0xB4,0x24,0x24,0x3F,0x3F,0xE4,0xE4,0x24,0x24,0x20,
  12          0x02,0x02,0x03,0xFF,0xFF,0x00,0x01,0x05,0x1D,0x59,0xC1,0xFF,0x7F,0x01,0x01,0x01,/*"特",2*/
  13          0x00,0x00,0x00,0xF8,0xF8,0x48,0x4C,0x4F,0x4B,0x4A,0x48,0x48,0xF8,0xF8,0x00,0x00,
  14          0x00,0x00,0x00,0xFF,0xFF,0x44,0x44,0x44,0x44,0x44,0x44,0x44,0xFF,0xFF,0x00,0x00,/*"自",3*/
  15          0x20,0x24,0x24,0xE4,0xE4,0x24,0x24,0x24,0x30,0x10,0xFF,0xFF,0x10,0xF0,0xF0,0x00,
  16          0x08,0x1C,0x1F,0x0B,0x0C,0x0D,0x4F,0x6E,0x34,0x1C,0x0F,0x23,0x60,0x7F,0x3F,0x00,/*"动",4*/
  17          0x80,0xC0,0x60,0xF8,0xFF,0x07,0x02,0x00,0xFF,0xFF,0xE0,0x70,0x3C,0x1C,0x08,0x00,
  18          0x00,0x00,0x00,0x7F,0x7F,0x04,0x06,0x03,0x3F,0x7F,0x40,0x40,0x40,0x78,0x78,0x00,/*"化",5*/
  19          0x00,0x00,0x00,0x00,0x00,0x00,0x00,0x00,0x00,0x00,0x00,0x00,0x00,0x00,0x00,0x00,
  20          0x00,0x00,0x00,0x00,0x00,0x00,0x00,0x00,0x00,0x00,0x00,0x00,0x00,0x00,0x00,0x00,/*" ",6*/
  21          0x00,0x00,0x00,0x00,0x00,0x00,0x00,0x00,0x00,0x00,0x00,0x00,0x00,0x00,0x00,0x00,
  22          0x00,0x00,0x00,0x00,0x00,0x00,0x00,0x00,0x00,0x00,0x00,0x00,0x00,0x00,0x00,0x00,/*" ",7*/
  23          
  24          
  25          0x10,0x21,0x86,0x70,0x00,0x7E,0x4A,0x4A,0x4A,0x4A,0x4A,0x7E,0x00,0x00,0x00,0x00,
  26          0x02,0xFE,0x01,0x40,0x7F,0x41,0x41,0x7F,0x41,0x41,0x7F,0x41,0x41,0x7F,0x40,0x00,/*"温",8*/
  27          0x00,0x00,0xFC,0x04,0x24,0x24,0xFC,0xA5,0xA6,0xA4,0xFC,0x24,0x24,0x24,0x04,0x00,
  28          0x80,0x60,0x1F,0x80,0x80,0x42,0x46,0x2A,0x12,0x12,0x2A,0x26,0x42,0xC0,0x40,0x00,/*"度",9*/
  29          0x08,0x08,0x08,0xFF,0x88,0x48,0x00,0x98,0x48,0x28,0x0A,0x2C,0x48,0xD8,0x08,0x00,
  30          0x02,0x42,0x81,0x7F,0x00,0x00,0x40,0x42,0x42,0x42,0x7E,0x42,0x42,0x42,0x40,0x00,/*"控",10*/
  31          0x00,0x50,0x4F,0x4A,0x48,0xFF,0x48,0x48,0x48,0x00,0xFC,0x00,0x00,0xFF,0x00,0x00,
  32          0x00,0x00,0x3F,0x01,0x01,0xFF,0x21,0x61,0x3F,0x00,0x0F,0x40,0x80,0x7F,0x00,0x00,/*"制",11*/
  33          0x00,0x90,0x8C,0xA4,0xA4,0xA4,0xA5,0xA6,0xA4,0xA4,0xA4,0xA4,0x94,0x8C,0x04,0x00,
  34          0x00,0x80,0x40,0x20,0x18,0x07,0x00,0x00,0x00,0x3F,0x40,0x40,0x40,0x70,0x00,0x00,/*"完",12*/
  35          0x00,0x04,0x74,0xD4,0xFF,0xD4,0x74,0x04,0x10,0x0C,0xB7,0x44,0xB4,0x0C,0x04,0x00,
  36          0x00,0x42,0x43,0x7A,0x43,0x42,0x43,0x7E,0x4B,0x4B,0x4A,0x4A,0x42,0x43,0x01,0x00,/*"整",13*/
  37          0x08,0x08,0x08,0x08,0x08,0x08,0xF9,0x4A,0x4C,0x48,0x48,0xC8,0x08,0x08,0x08,0x00,
  38          0x40,0x40,0x20,0x10,0x0C,0x03,0x00,0x00,0x20,0x40,0x40,0x3F,0x00,0x00,0x00,0x00,/*"方",14*/
  39          0x00,0x20,0x2C,0x24,0x64,0x74,0xAD,0xA6,0xE4,0x34,0x24,0x24,0x2C,0x24,0x00,0x00,
  40          0x00,0x24,0x24,0x25,0x15,0x15,0x0D,0xFE,0x04,0x0D,0x17,0x14,0x24,0x64,0x24,0x00,/*"案",15*/
  41          
  42          
  43          0x00,0x00,0x00,0xF8,0x48,0x48,0x4C,0x4B,0x4A,0x48,0x48,0x48,0xF8,0x00,0x00,0x00,
  44          0x00,0x00,0x00,0xFF,0x44,0x44,0x44,0x44,0x44,0x44,0x44,0x44,0xFF,0x00,0x00,0x00,/*"自",16*/
  45          0x20,0x24,0x24,0xE4,0x24,0x24,0x24,0x20,0x10,0x10,0xFF,0x10,0x10,0xF0,0x00,0x00,
  46          0x08,0x1C,0x0B,0x08,0x0C,0x05,0x4E,0x24,0x10,0x0C,0x03,0x20,0x40,0x3F,0x00,0x00,/*"动",17*/
  47          0x08,0x08,0x08,0xFF,0x88,0x48,0x00,0x98,0x48,0x28,0x0A,0x2C,0x48,0xD8,0x08,0x00,
  48          0x02,0x42,0x81,0x7F,0x00,0x00,0x40,0x42,0x42,0x42,0x7E,0x42,0x42,0x42,0x40,0x00,/*"控",18*/
  49          0x00,0x50,0x4F,0x4A,0x48,0xFF,0x48,0x48,0x48,0x00,0xFC,0x00,0x00,0xFF,0x00,0x00,
  50          0x00,0x00,0x3F,0x01,0x01,0xFF,0x21,0x61,0x3F,0x00,0x0F,0x40,0x80,0x7F,0x00,0x00,/*"制",19*/
  51          0x08,0x07,0xFA,0xAA,0xAE,0xAA,0xAA,0xA8,0xAC,0xAB,0xAA,0xFE,0x0A,0x02,0x02,0x00,
  52          0x08,0x08,0x8B,0x6A,0x1E,0x0A,0x0A,0x0A,0x0A,0xFE,0x0A,0x0B,0x08,0x08,0x08,0x00,/*"算",20*/
  53          0x10,0x60,0x01,0xC6,0x30,0x00,0x10,0x10,0x10,0xFF,0x10,0x10,0x10,0x10,0x00,0x00,
  54          0x04,0x04,0xFE,0x01,0x00,0x41,0x61,0x51,0x4D,0x43,0x41,0x41,0x51,0xE1,0x01,0x00,/*"法",21*/
C51 COMPILER V9.59.0.0   OLED_CODE                                                         02/18/2020 21:57:26 PAGE 2   

  55          0x40,0x41,0xCE,0x04,0x00,0x80,0x40,0xBE,0x82,0x82,0x82,0xBE,0xC0,0x40,0x40,0x00,
  56          0x00,0x00,0x7F,0x20,0x90,0x80,0x40,0x43,0x2C,0x10,0x10,0x2C,0x43,0xC0,0x40,0x00,/*"设",22*/
  57          0x20,0x21,0x2E,0xE4,0x00,0x00,0x20,0x20,0x20,0x20,0xFF,0x20,0x20,0x20,0x20,0x00,
  58          0x00,0x00,0x00,0x7F,0x20,0x10,0x08,0x00,0x00,0x00,0xFF,0x00,0x00,0x00,0x00,0x00,/*"计",23*/
  59          
  60          
  61          0x00,0x00,0xF8,0x48,0x48,0x48,0x48,0xFF,0x48,0x48,0x48,0x48,0xF8,0x00,0x00,0x00,
  62          0x00,0x00,0x0F,0x04,0x04,0x04,0x04,0x3F,0x44,0x44,0x44,0x44,0x4F,0x40,0x70,0x00,/*"电",24*/
  63          0x00,0x00,0x02,0x02,0x02,0x02,0x02,0xE2,0x12,0x0A,0x06,0x02,0x00,0x80,0x00,0x00,
  64          0x01,0x01,0x01,0x01,0x01,0x41,0x81,0x7F,0x01,0x01,0x01,0x01,0x01,0x01,0x01,0x00,/*"子",25*/
  65          0x00,0x20,0x20,0x22,0x22,0xE2,0x22,0x22,0x22,0xE2,0x22,0x22,0x22,0x20,0x20,0x00,
  66          0x00,0x40,0x20,0x10,0x0C,0x03,0x00,0x00,0x00,0x3F,0x40,0x40,0x40,0x40,0x70,0x00,/*"元",26*/
  67          0x40,0x20,0xF8,0x0F,0x82,0x60,0x1E,0x14,0x10,0xFF,0x10,0x10,0x10,0x10,0x00,0x00,
  68          0x00,0x00,0xFF,0x00,0x01,0x01,0x01,0x01,0x01,0xFF,0x01,0x01,0x01,0x01,0x01,0x00,/*"件",27*/
  69          0x00,0x00,0x00,0x00,0x7E,0x48,0x48,0x48,0x48,0x48,0x48,0x48,0x48,0xCC,0x08,0x00,
  70          0x00,0x04,0x04,0x04,0x04,0x04,0x04,0x04,0x04,0x24,0x46,0x44,0x20,0x1F,0x00,0x00,/*"与",28*/
  71          0x84,0x94,0x94,0xFF,0x94,0x94,0x80,0x24,0x24,0x24,0xFC,0x12,0x13,0x12,0x00,0x00,
  72          0x20,0x18,0x06,0xFF,0x02,0x1C,0x0A,0x02,0x02,0x02,0x3F,0x41,0x41,0x41,0x71,0x00,/*"耗",29*/
  73          0x10,0x10,0xD0,0xFE,0x50,0x90,0x00,0x10,0x10,0x10,0xD0,0xFE,0x10,0x10,0x10,0x00,
  74          0x08,0x06,0x01,0xFF,0x00,0x01,0x10,0x08,0x04,0x43,0x80,0x7F,0x00,0x00,0x00,0x00,/*"材",30*/
  75          0x90,0x88,0xA7,0xA2,0xA6,0xBA,0xA2,0xF8,0xA7,0xA2,0xA6,0xBA,0xA2,0x82,0x80,0x00,
  76          0x00,0x04,0x04,0x04,0x04,0x0C,0x34,0x04,0x44,0x84,0x7F,0x04,0x04,0x04,0x00,0x00,/*"等",31*/
  77          };


MODULE INFORMATION:   STATIC OVERLAYABLE
   CODE SIZE        =   ----    ----
   CONSTANT SIZE    =   1024    ----
   XDATA SIZE       =   ----    ----
   PDATA SIZE       =   ----    ----
   DATA SIZE        =   ----    ----
   IDATA SIZE       =   ----    ----
   BIT SIZE         =   ----    ----
END OF MODULE INFORMATION.


C51 COMPILATION COMPLETE.  0 WARNING(S),  0 ERROR(S)
