C51 COMPILER V9.59.0.0   OLED_CODE                                                         02/18/2020 22:45:07 PAGE 1   


C51 COMPILER V9.59.0.0, COMPILATION OF MODULE OLED_CODE
OBJECT MODULE PLACED IN .\Objects\OLED_Code.obj
COMPILER INVOKED BY: D:\Keil5\C51\C51\BIN\C51.EXE OLED_Code.c LARGE OPTIMIZE(8,SPEED) BROWSE DEBUG OBJECTEXTEND PRINT(.\
                    -Listings\OLED_Code.lst) OBJECT(.\Objects\OLED_Code.obj)

line level    source

   1          #include "Headers.h"
   2          
   3          /***************************16*16的点阵字体取模方式：共阴――列行式――逆向输出*********/
   4          unsigned char code F16x16[] =            
   5          {         
   6          0x00,0x00,0x00,0x00,0x00,0x00,0x00,0x00,0x00,0x00,0x00,0x00,0x00,0x00,0x00,0x00,
   7          0x00,0x00,0x00,0x00,0x00,0x00,0x00,0x00,0x00,0x00,0x00,0x00,0x00,0x00,0x00,0x00,/*" ",0*/
   8          0x00,0x02,0x02,0xFA,0xFA,0xAA,0xAA,0xFF,0xFF,0xAA,0xAA,0xFA,0xFA,0x02,0x02,0x00,
   9          0x00,0x42,0x72,0x72,0x3A,0x7A,0x42,0x4B,0x5B,0x52,0x62,0x62,0x13,0x77,0x66,0x00,/*"惠",1*/
  10          0x20,0x3C,0x1C,0xFF,0xFF,0xB0,0xB4,0x24,0x24,0x3F,0x3F,0xE4,0xE4,0x24,0x24,0x20,
  11          0x02,0x02,0x03,0xFF,0xFF,0x00,0x01,0x05,0x1D,0x59,0xC1,0xFF,0x7F,0x01,0x01,0x01,/*"特",2*/
  12          0x00,0x00,0x00,0xF8,0xF8,0x48,0x4C,0x4F,0x4B,0x4A,0x48,0x48,0xF8,0xF8,0x00,0x00,
  13          0x00,0x00,0x00,0xFF,0xFF,0x44,0x44,0x44,0x44,0x44,0x44,0x44,0xFF,0xFF,0x00,0x00,/*"自",3*/
  14          0x20,0x24,0x24,0xE4,0xE4,0x24,0x24,0x24,0x30,0x10,0xFF,0xFF,0x10,0xF0,0xF0,0x00,
  15          0x08,0x1C,0x1F,0x0B,0x0C,0x0D,0x4F,0x6E,0x34,0x1C,0x0F,0x23,0x60,0x7F,0x3F,0x00,/*"动",4*/
  16          0x80,0xC0,0x60,0xF8,0xFF,0x07,0x02,0x00,0xFF,0xFF,0xE0,0x70,0x3C,0x1C,0x08,0x00,
  17          0x00,0x00,0x00,0x7F,0x7F,0x04,0x06,0x03,0x3F,0x7F,0x40,0x40,0x40,0x78,0x78,0x00,/*"化",5*/
  18          0x00,0x00,0x00,0x00,0x00,0x00,0x00,0x00,0x00,0x00,0x00,0x00,0x00,0x00,0x00,0x00,
  19          0x00,0x00,0x00,0x00,0x00,0x00,0x00,0x00,0x00,0x00,0x00,0x00,0x00,0x00,0x00,0x00,/*" ",6*/
  20          0x00,0x00,0x00,0x00,0x00,0x00,0x00,0x00,0x00,0x00,0x00,0x00,0x00,0x00,0x00,0x00,
  21          0x00,0x00,0x00,0x00,0x00,0x00,0x00,0x00,0x00,0x00,0x00,0x00,0x00,0x00,0x00,0x00,/*" ",7*/
  22          
  23          
  24          0x10,0x21,0x86,0x70,0x00,0x7E,0x4A,0x4A,0x4A,0x4A,0x4A,0x7E,0x00,0x00,0x00,0x00,
  25          0x02,0xFE,0x01,0x40,0x7F,0x41,0x41,0x7F,0x41,0x41,0x7F,0x41,0x41,0x7F,0x40,0x00,/*"温",8*/
  26          0x00,0x00,0xFC,0x04,0x24,0x24,0xFC,0xA5,0xA6,0xA4,0xFC,0x24,0x24,0x24,0x04,0x00,
  27          0x80,0x60,0x1F,0x80,0x80,0x42,0x46,0x2A,0x12,0x12,0x2A,0x26,0x42,0xC0,0x40,0x00,/*"度",9*/
  28          0x08,0x08,0x08,0xFF,0x88,0x48,0x00,0x98,0x48,0x28,0x0A,0x2C,0x48,0xD8,0x08,0x00,
  29          0x02,0x42,0x81,0x7F,0x00,0x00,0x40,0x42,0x42,0x42,0x7E,0x42,0x42,0x42,0x40,0x00,/*"控",10*/
  30          0x00,0x50,0x4F,0x4A,0x48,0xFF,0x48,0x48,0x48,0x00,0xFC,0x00,0x00,0xFF,0x00,0x00,
  31          0x00,0x00,0x3F,0x01,0x01,0xFF,0x21,0x61,0x3F,0x00,0x0F,0x40,0x80,0x7F,0x00,0x00,/*"制",11*/
  32          0x00,0x90,0x8C,0xA4,0xA4,0xA4,0xA5,0xA6,0xA4,0xA4,0xA4,0xA4,0x94,0x8C,0x04,0x00,
  33          0x00,0x80,0x40,0x20,0x18,0x07,0x00,0x00,0x00,0x3F,0x40,0x40,0x40,0x70,0x00,0x00,/*"完",12*/
  34          0x00,0x04,0x74,0xD4,0xFF,0xD4,0x74,0x04,0x10,0x0C,0xB7,0x44,0xB4,0x0C,0x04,0x00,
  35          0x00,0x42,0x43,0x7A,0x43,0x42,0x43,0x7E,0x4B,0x4B,0x4A,0x4A,0x42,0x43,0x01,0x00,/*"整",13*/
  36          0x08,0x08,0x08,0x08,0x08,0x08,0xF9,0x4A,0x4C,0x48,0x48,0xC8,0x08,0x08,0x08,0x00,
  37          0x40,0x40,0x20,0x10,0x0C,0x03,0x00,0x00,0x20,0x40,0x40,0x3F,0x00,0x00,0x00,0x00,/*"方",14*/
  38          0x00,0x20,0x2C,0x24,0x64,0x74,0xAD,0xA6,0xE4,0x34,0x24,0x24,0x2C,0x24,0x00,0x00,
  39          0x00,0x24,0x24,0x25,0x15,0x15,0x0D,0xFE,0x04,0x0D,0x17,0x14,0x24,0x64,0x24,0x00,/*"案",15*/
  40          
  41          
  42          0x00,0x00,0x00,0xF8,0x48,0x48,0x4C,0x4B,0x4A,0x48,0x48,0x48,0xF8,0x00,0x00,0x00,
  43          0x00,0x00,0x00,0xFF,0x44,0x44,0x44,0x44,0x44,0x44,0x44,0x44,0xFF,0x00,0x00,0x00,/*"自",16*/
  44          0x20,0x24,0x24,0xE4,0x24,0x24,0x24,0x20,0x10,0x10,0xFF,0x10,0x10,0xF0,0x00,0x00,
  45          0x08,0x1C,0x0B,0x08,0x0C,0x05,0x4E,0x24,0x10,0x0C,0x03,0x20,0x40,0x3F,0x00,0x00,/*"动",17*/
  46          0x08,0x08,0x08,0xFF,0x88,0x48,0x00,0x98,0x48,0x28,0x0A,0x2C,0x48,0xD8,0x08,0x00,
  47          0x02,0x42,0x81,0x7F,0x00,0x00,0x40,0x42,0x42,0x42,0x7E,0x42,0x42,0x42,0x40,0x00,/*"控",18*/
  48          0x00,0x50,0x4F,0x4A,0x48,0xFF,0x48,0x48,0x48,0x00,0xFC,0x00,0x00,0xFF,0x00,0x00,
  49          0x00,0x00,0x3F,0x01,0x01,0xFF,0x21,0x61,0x3F,0x00,0x0F,0x40,0x80,0x7F,0x00,0x00,/*"制",19*/
  50          0x08,0x07,0xFA,0xAA,0xAE,0xAA,0xAA,0xA8,0xAC,0xAB,0xAA,0xFE,0x0A,0x02,0x02,0x00,
  51          0x08,0x08,0x8B,0x6A,0x1E,0x0A,0x0A,0x0A,0x0A,0xFE,0x0A,0x0B,0x08,0x08,0x08,0x00,/*"算",20*/
  52          0x10,0x60,0x01,0xC6,0x30,0x00,0x10,0x10,0x10,0xFF,0x10,0x10,0x10,0x10,0x00,0x00,
  53          0x04,0x04,0xFE,0x01,0x00,0x41,0x61,0x51,0x4D,0x43,0x41,0x41,0x51,0xE1,0x01,0x00,/*"法",21*/
  54          0x40,0x41,0xCE,0x04,0x00,0x80,0x40,0xBE,0x82,0x82,0x82,0xBE,0xC0,0x40,0x40,0x00,
C51 COMPILER V9.59.0.0   OLED_CODE                                                         02/18/2020 22:45:07 PAGE 2   

  55          0x00,0x00,0x7F,0x20,0x90,0x80,0x40,0x43,0x2C,0x10,0x10,0x2C,0x43,0xC0,0x40,0x00,/*"设",22*/
  56          0x20,0x21,0x2E,0xE4,0x00,0x00,0x20,0x20,0x20,0x20,0xFF,0x20,0x20,0x20,0x20,0x00,
  57          0x00,0x00,0x00,0x7F,0x20,0x10,0x08,0x00,0x00,0x00,0xFF,0x00,0x00,0x00,0x00,0x00,/*"计",23*/
  58          
  59          
  60          0x00,0x00,0xF8,0x48,0x48,0x48,0x48,0xFF,0x48,0x48,0x48,0x48,0xF8,0x00,0x00,0x00,
  61          0x00,0x00,0x0F,0x04,0x04,0x04,0x04,0x3F,0x44,0x44,0x44,0x44,0x4F,0x40,0x70,0x00,/*"电",24*/
  62          0x00,0x00,0x02,0x02,0x02,0x02,0x02,0xE2,0x12,0x0A,0x06,0x02,0x00,0x80,0x00,0x00,
  63          0x01,0x01,0x01,0x01,0x01,0x41,0x81,0x7F,0x01,0x01,0x01,0x01,0x01,0x01,0x01,0x00,/*"子",25*/
  64          0x00,0x20,0x20,0x22,0x22,0xE2,0x22,0x22,0x22,0xE2,0x22,0x22,0x22,0x20,0x20,0x00,
  65          0x00,0x40,0x20,0x10,0x0C,0x03,0x00,0x00,0x00,0x3F,0x40,0x40,0x40,0x40,0x70,0x00,/*"元",26*/
  66          0x40,0x20,0xF8,0x0F,0x82,0x60,0x1E,0x14,0x10,0xFF,0x10,0x10,0x10,0x10,0x00,0x00,
  67          0x00,0x00,0xFF,0x00,0x01,0x01,0x01,0x01,0x01,0xFF,0x01,0x01,0x01,0x01,0x01,0x00,/*"件",27*/
  68          0x00,0x00,0x00,0x00,0x7E,0x48,0x48,0x48,0x48,0x48,0x48,0x48,0x48,0xCC,0x08,0x00,
  69          0x00,0x04,0x04,0x04,0x04,0x04,0x04,0x04,0x04,0x24,0x46,0x44,0x20,0x1F,0x00,0x00,/*"与",28*/
  70          0x84,0x94,0x94,0xFF,0x94,0x94,0x80,0x24,0x24,0x24,0xFC,0x12,0x13,0x12,0x00,0x00,
  71          0x20,0x18,0x06,0xFF,0x02,0x1C,0x0A,0x02,0x02,0x02,0x3F,0x41,0x41,0x41,0x71,0x00,/*"耗",29*/
  72          0x10,0x10,0xD0,0xFE,0x50,0x90,0x00,0x10,0x10,0x10,0xD0,0xFE,0x10,0x10,0x10,0x00,
  73          0x08,0x06,0x01,0xFF,0x00,0x01,0x10,0x08,0x04,0x43,0x80,0x7F,0x00,0x00,0x00,0x00,/*"材",30*/
  74          0x90,0x88,0xA7,0xA2,0xA6,0xBA,0xA2,0xF8,0xA7,0xA2,0xA6,0xBA,0xA2,0x82,0x80,0x00,
  75          0x00,0x04,0x04,0x04,0x04,0x0C,0x34,0x04,0x44,0x84,0x7F,0x04,0x04,0x04,0x00,0x00,/*"等",31*/
  76          };
  77          
  78          /************************************6*8的点阵************************************/
  79          const unsigned char code F6x8[][6] =
  80          {
  81          0x00, 0x00, 0x00, 0x00, 0x00, 0x00,// sp
  82          0x00, 0x00, 0x00, 0x2f, 0x00, 0x00,// !
  83          0x00, 0x00, 0x07, 0x00, 0x07, 0x00,// "
  84          0x00, 0x14, 0x7f, 0x14, 0x7f, 0x14,// #
  85          0x00, 0x24, 0x2a, 0x7f, 0x2a, 0x12,// $
  86          0x00, 0x62, 0x64, 0x08, 0x13, 0x23,// %
  87          0x00, 0x36, 0x49, 0x55, 0x22, 0x50,// &
  88          0x00, 0x00, 0x05, 0x03, 0x00, 0x00,// '
  89          0x00, 0x00, 0x1c, 0x22, 0x41, 0x00,// (
  90          0x00, 0x00, 0x41, 0x22, 0x1c, 0x00,// )
  91          0x00, 0x14, 0x08, 0x3E, 0x08, 0x14,// *
  92          0x00, 0x08, 0x08, 0x3E, 0x08, 0x08,// +
  93          0x00, 0x00, 0x00, 0xA0, 0x60, 0x00,// ,
  94          0x00, 0x08, 0x08, 0x08, 0x08, 0x08,// -
  95          0x00, 0x00, 0x60, 0x60, 0x00, 0x00,// .
  96          0x00, 0x20, 0x10, 0x08, 0x04, 0x02,// /
  97          0x00, 0x3E, 0x51, 0x49, 0x45, 0x3E,// 0
  98          0x00, 0x00, 0x42, 0x7F, 0x40, 0x00,// 1
  99          0x00, 0x42, 0x61, 0x51, 0x49, 0x46,// 2
 100          0x00, 0x21, 0x41, 0x45, 0x4B, 0x31,// 3
 101          0x00, 0x18, 0x14, 0x12, 0x7F, 0x10,// 4
 102          0x00, 0x27, 0x45, 0x45, 0x45, 0x39,// 5
 103          0x00, 0x3C, 0x4A, 0x49, 0x49, 0x30,// 6
 104          0x00, 0x01, 0x71, 0x09, 0x05, 0x03,// 7
 105          0x00, 0x36, 0x49, 0x49, 0x49, 0x36,// 8
 106          0x00, 0x06, 0x49, 0x49, 0x29, 0x1E,// 9
 107          0x00, 0x00, 0x36, 0x36, 0x00, 0x00,// :
 108          0x00, 0x00, 0x56, 0x36, 0x00, 0x00,// ;
 109          0x00, 0x08, 0x14, 0x22, 0x41, 0x00,// <
 110          0x00, 0x14, 0x14, 0x14, 0x14, 0x14,// =
 111          0x00, 0x00, 0x41, 0x22, 0x14, 0x08,// >
 112          0x00, 0x02, 0x01, 0x51, 0x09, 0x06,// ?
 113          0x00, 0x32, 0x49, 0x59, 0x51, 0x3E,// @
 114          0x00, 0x7C, 0x12, 0x11, 0x12, 0x7C,// A
 115          0x00, 0x7F, 0x49, 0x49, 0x49, 0x36,// B
 116          0x00, 0x3E, 0x41, 0x41, 0x41, 0x22,// C
C51 COMPILER V9.59.0.0   OLED_CODE                                                         02/18/2020 22:45:07 PAGE 3   

 117          0x00, 0x7F, 0x41, 0x41, 0x22, 0x1C,// D
 118          0x00, 0x7F, 0x49, 0x49, 0x49, 0x41,// E
 119          0x00, 0x7F, 0x09, 0x09, 0x09, 0x01,// F
 120          0x00, 0x3E, 0x41, 0x49, 0x49, 0x7A,// G
 121          0x00, 0x7F, 0x08, 0x08, 0x08, 0x7F,// H
 122          0x00, 0x00, 0x41, 0x7F, 0x41, 0x00,// I
 123          0x00, 0x20, 0x40, 0x41, 0x3F, 0x01,// J
 124          0x00, 0x7F, 0x08, 0x14, 0x22, 0x41,// K
 125          0x00, 0x7F, 0x40, 0x40, 0x40, 0x40,// L
 126          0x00, 0x7F, 0x02, 0x0C, 0x02, 0x7F,// M
 127          0x00, 0x7F, 0x04, 0x08, 0x10, 0x7F,// N
 128          0x00, 0x3E, 0x41, 0x41, 0x41, 0x3E,// O
 129          0x00, 0x7F, 0x09, 0x09, 0x09, 0x06,// P
 130          0x00, 0x3E, 0x41, 0x51, 0x21, 0x5E,// Q
 131          0x00, 0x7F, 0x09, 0x19, 0x29, 0x46,// R
 132          0x00, 0x46, 0x49, 0x49, 0x49, 0x31,// S
 133          0x00, 0x01, 0x01, 0x7F, 0x01, 0x01,// T
 134          0x00, 0x3F, 0x40, 0x40, 0x40, 0x3F,// U
 135          0x00, 0x1F, 0x20, 0x40, 0x20, 0x1F,// V
 136          0x00, 0x3F, 0x40, 0x38, 0x40, 0x3F,// W
 137          0x00, 0x63, 0x14, 0x08, 0x14, 0x63,// X
 138          0x00, 0x07, 0x08, 0x70, 0x08, 0x07,// Y
 139          0x00, 0x61, 0x51, 0x49, 0x45, 0x43,// Z
 140          0x00, 0x00, 0x7F, 0x41, 0x41, 0x00,// [
 141          0x00, 0x55, 0x2A, 0x55, 0x2A, 0x55,// 55
 142          0x00, 0x00, 0x41, 0x41, 0x7F, 0x00,// ]
 143          0x00, 0x04, 0x02, 0x01, 0x02, 0x04,// ^
 144          0x00, 0x40, 0x40, 0x40, 0x40, 0x40,// _
 145          0x00, 0x00, 0x01, 0x02, 0x04, 0x00,// '
 146          0x00, 0x20, 0x54, 0x54, 0x54, 0x78,// a
 147          0x00, 0x7F, 0x48, 0x44, 0x44, 0x38,// b
 148          0x00, 0x38, 0x44, 0x44, 0x44, 0x20,// c
 149          0x00, 0x38, 0x44, 0x44, 0x48, 0x7F,// d
 150          0x00, 0x38, 0x54, 0x54, 0x54, 0x18,// e
 151          0x00, 0x08, 0x7E, 0x09, 0x01, 0x02,// f
 152          0x00, 0x18, 0xA4, 0xA4, 0xA4, 0x7C,// g
 153          0x00, 0x7F, 0x08, 0x04, 0x04, 0x78,// h
 154          0x00, 0x00, 0x44, 0x7D, 0x40, 0x00,// i
 155          0x00, 0x40, 0x80, 0x84, 0x7D, 0x00,// j
 156          0x00, 0x7F, 0x10, 0x28, 0x44, 0x00,// k
 157          0x00, 0x00, 0x41, 0x7F, 0x40, 0x00,// l
 158          0x00, 0x7C, 0x04, 0x18, 0x04, 0x78,// m
 159          0x00, 0x7C, 0x08, 0x04, 0x04, 0x78,// n
 160          0x00, 0x38, 0x44, 0x44, 0x44, 0x38,// o
 161          0x00, 0xFC, 0x24, 0x24, 0x24, 0x18,// p
 162          0x00, 0x18, 0x24, 0x24, 0x18, 0xFC,// q
 163          0x00, 0x7C, 0x08, 0x04, 0x04, 0x08,// r
 164          0x00, 0x48, 0x54, 0x54, 0x54, 0x20,// s
 165          0x00, 0x04, 0x3F, 0x44, 0x40, 0x20,// t
 166          0x00, 0x3C, 0x40, 0x40, 0x20, 0x7C,// u
 167          0x00, 0x1C, 0x20, 0x40, 0x20, 0x1C,// v
 168          0x00, 0x3C, 0x40, 0x30, 0x40, 0x3C,// w
 169          0x00, 0x44, 0x28, 0x10, 0x28, 0x44,// x
 170          0x00, 0x1C, 0xA0, 0xA0, 0xA0, 0x7C,// y
 171          0x00, 0x44, 0x64, 0x54, 0x4C, 0x44,// z
 172          0x14, 0x14, 0x14, 0x14, 0x14, 0x14,// horiz lines
 173          };
 174          /****************************************8*16的点阵************************************/
 175          const unsigned char code F8X16[]=         
 176          {
 177            0x00,0x00,0x00,0x00,0x00,0x00,0x00,0x00,0x00,0x00,0x00,0x00,0x00,0x00,0x00,0x00,// 0
 178            0x00,0x00,0x00,0xF8,0x00,0x00,0x00,0x00,0x00,0x00,0x00,0x33,0x30,0x00,0x00,0x00,//! 1
C51 COMPILER V9.59.0.0   OLED_CODE                                                         02/18/2020 22:45:07 PAGE 4   

 179            0x00,0x10,0x0C,0x06,0x10,0x0C,0x06,0x00,0x00,0x00,0x00,0x00,0x00,0x00,0x00,0x00,//" 2
 180            0x40,0xC0,0x78,0x40,0xC0,0x78,0x40,0x00,0x04,0x3F,0x04,0x04,0x3F,0x04,0x04,0x00,//# 3
 181            0x00,0x70,0x88,0xFC,0x08,0x30,0x00,0x00,0x00,0x18,0x20,0xFF,0x21,0x1E,0x00,0x00,//$ 4
 182            0xF0,0x08,0xF0,0x00,0xE0,0x18,0x00,0x00,0x00,0x21,0x1C,0x03,0x1E,0x21,0x1E,0x00,//% 5
 183            0x00,0xF0,0x08,0x88,0x70,0x00,0x00,0x00,0x1E,0x21,0x23,0x24,0x19,0x27,0x21,0x10,//& 6
 184            0x10,0x16,0x0E,0x00,0x00,0x00,0x00,0x00,0x00,0x00,0x00,0x00,0x00,0x00,0x00,0x00,//' 7
 185            0x00,0x00,0x00,0xE0,0x18,0x04,0x02,0x00,0x00,0x00,0x00,0x07,0x18,0x20,0x40,0x00,//( 8
 186            0x00,0x02,0x04,0x18,0xE0,0x00,0x00,0x00,0x00,0x40,0x20,0x18,0x07,0x00,0x00,0x00,//) 9
 187            0x40,0x40,0x80,0xF0,0x80,0x40,0x40,0x00,0x02,0x02,0x01,0x0F,0x01,0x02,0x02,0x00,//* 10
 188            0x00,0x00,0x00,0xF0,0x00,0x00,0x00,0x00,0x01,0x01,0x01,0x1F,0x01,0x01,0x01,0x00,//+ 11
 189            0x00,0x00,0x00,0x00,0x00,0x00,0x00,0x00,0x80,0xB0,0x70,0x00,0x00,0x00,0x00,0x00,//, 12
 190            0x00,0x00,0x00,0x00,0x00,0x00,0x00,0x00,0x00,0x01,0x01,0x01,0x01,0x01,0x01,0x01,//- 13
 191            0x00,0x00,0x00,0x00,0x00,0x00,0x00,0x00,0x00,0x30,0x30,0x00,0x00,0x00,0x00,0x00,//. 14
 192            0x00,0x00,0x00,0x00,0x80,0x60,0x18,0x04,0x00,0x60,0x18,0x06,0x01,0x00,0x00,0x00,/// 15
 193            0x00,0xE0,0x10,0x08,0x08,0x10,0xE0,0x00,0x00,0x0F,0x10,0x20,0x20,0x10,0x0F,0x00,//0 16
 194            0x00,0x10,0x10,0xF8,0x00,0x00,0x00,0x00,0x00,0x20,0x20,0x3F,0x20,0x20,0x00,0x00,//1 17
 195            0x00,0x70,0x08,0x08,0x08,0x88,0x70,0x00,0x00,0x30,0x28,0x24,0x22,0x21,0x30,0x00,//2 18
 196            0x00,0x30,0x08,0x88,0x88,0x48,0x30,0x00,0x00,0x18,0x20,0x20,0x20,0x11,0x0E,0x00,//3 19
 197            0x00,0x00,0xC0,0x20,0x10,0xF8,0x00,0x00,0x00,0x07,0x04,0x24,0x24,0x3F,0x24,0x00,//4 20
 198            0x00,0xF8,0x08,0x88,0x88,0x08,0x08,0x00,0x00,0x19,0x21,0x20,0x20,0x11,0x0E,0x00,//5 21
 199            0x00,0xE0,0x10,0x88,0x88,0x18,0x00,0x00,0x00,0x0F,0x11,0x20,0x20,0x11,0x0E,0x00,//6 22
 200            0x00,0x38,0x08,0x08,0xC8,0x38,0x08,0x00,0x00,0x00,0x00,0x3F,0x00,0x00,0x00,0x00,//7 23
 201            0x00,0x70,0x88,0x08,0x08,0x88,0x70,0x00,0x00,0x1C,0x22,0x21,0x21,0x22,0x1C,0x00,//8 24
 202            0x00,0xE0,0x10,0x08,0x08,0x10,0xE0,0x00,0x00,0x00,0x31,0x22,0x22,0x11,0x0F,0x00,//9 25
 203            0x00,0x00,0x00,0xC0,0xC0,0x00,0x00,0x00,0x00,0x00,0x00,0x30,0x30,0x00,0x00,0x00,//: 26
 204            0x00,0x00,0x00,0x80,0x00,0x00,0x00,0x00,0x00,0x00,0x80,0x60,0x00,0x00,0x00,0x00,//; 27
 205            0x00,0x00,0x80,0x40,0x20,0x10,0x08,0x00,0x00,0x01,0x02,0x04,0x08,0x10,0x20,0x00,//< 28
 206            0x40,0x40,0x40,0x40,0x40,0x40,0x40,0x00,0x04,0x04,0x04,0x04,0x04,0x04,0x04,0x00,//= 29
 207            0x00,0x08,0x10,0x20,0x40,0x80,0x00,0x00,0x00,0x20,0x10,0x08,0x04,0x02,0x01,0x00,//> 30
 208            0x00,0x70,0x48,0x08,0x08,0x08,0xF0,0x00,0x00,0x00,0x00,0x30,0x36,0x01,0x00,0x00,//? 31
 209            0xC0,0x30,0xC8,0x28,0xE8,0x10,0xE0,0x00,0x07,0x18,0x27,0x24,0x23,0x14,0x0B,0x00,//@ 32
 210            0x00,0x00,0xC0,0x38,0xE0,0x00,0x00,0x00,0x20,0x3C,0x23,0x02,0x02,0x27,0x38,0x20,//A 33
 211            0x08,0xF8,0x88,0x88,0x88,0x70,0x00,0x00,0x20,0x3F,0x20,0x20,0x20,0x11,0x0E,0x00,//B 34
 212            0xC0,0x30,0x08,0x08,0x08,0x08,0x38,0x00,0x07,0x18,0x20,0x20,0x20,0x10,0x08,0x00,//C 35
 213            0x08,0xF8,0x08,0x08,0x08,0x10,0xE0,0x00,0x20,0x3F,0x20,0x20,0x20,0x10,0x0F,0x00,//D 36
 214            0x08,0xF8,0x88,0x88,0xE8,0x08,0x10,0x00,0x20,0x3F,0x20,0x20,0x23,0x20,0x18,0x00,//E 37
 215            0x08,0xF8,0x88,0x88,0xE8,0x08,0x10,0x00,0x20,0x3F,0x20,0x00,0x03,0x00,0x00,0x00,//F 38
 216            0xC0,0x30,0x08,0x08,0x08,0x38,0x00,0x00,0x07,0x18,0x20,0x20,0x22,0x1E,0x02,0x00,//G 39
 217            0x08,0xF8,0x08,0x00,0x00,0x08,0xF8,0x08,0x20,0x3F,0x21,0x01,0x01,0x21,0x3F,0x20,//H 40
 218            0x00,0x08,0x08,0xF8,0x08,0x08,0x00,0x00,0x00,0x20,0x20,0x3F,0x20,0x20,0x00,0x00,//I 41
 219            0x00,0x00,0x08,0x08,0xF8,0x08,0x08,0x00,0xC0,0x80,0x80,0x80,0x7F,0x00,0x00,0x00,//J 42
 220            0x08,0xF8,0x88,0xC0,0x28,0x18,0x08,0x00,0x20,0x3F,0x20,0x01,0x26,0x38,0x20,0x00,//K 43
 221            0x08,0xF8,0x08,0x00,0x00,0x00,0x00,0x00,0x20,0x3F,0x20,0x20,0x20,0x20,0x30,0x00,//L 44
 222            0x08,0xF8,0xF8,0x00,0xF8,0xF8,0x08,0x00,0x20,0x3F,0x00,0x3F,0x00,0x3F,0x20,0x00,//M 45
 223            0x08,0xF8,0x30,0xC0,0x00,0x08,0xF8,0x08,0x20,0x3F,0x20,0x00,0x07,0x18,0x3F,0x00,//N 46
 224            0xE0,0x10,0x08,0x08,0x08,0x10,0xE0,0x00,0x0F,0x10,0x20,0x20,0x20,0x10,0x0F,0x00,//O 47
 225            0x08,0xF8,0x08,0x08,0x08,0x08,0xF0,0x00,0x20,0x3F,0x21,0x01,0x01,0x01,0x00,0x00,//P 48
 226            0xE0,0x10,0x08,0x08,0x08,0x10,0xE0,0x00,0x0F,0x18,0x24,0x24,0x38,0x50,0x4F,0x00,//Q 49
 227            0x08,0xF8,0x88,0x88,0x88,0x88,0x70,0x00,0x20,0x3F,0x20,0x00,0x03,0x0C,0x30,0x20,//R 50
 228            0x00,0x70,0x88,0x08,0x08,0x08,0x38,0x00,0x00,0x38,0x20,0x21,0x21,0x22,0x1C,0x00,//S 51
 229            0x18,0x08,0x08,0xF8,0x08,0x08,0x18,0x00,0x00,0x00,0x20,0x3F,0x20,0x00,0x00,0x00,//T 52
 230            0x08,0xF8,0x08,0x00,0x00,0x08,0xF8,0x08,0x00,0x1F,0x20,0x20,0x20,0x20,0x1F,0x00,//U 53
 231            0x08,0x78,0x88,0x00,0x00,0xC8,0x38,0x08,0x00,0x00,0x07,0x38,0x0E,0x01,0x00,0x00,//V 54
 232            0xF8,0x08,0x00,0xF8,0x00,0x08,0xF8,0x00,0x03,0x3C,0x07,0x00,0x07,0x3C,0x03,0x00,//W 55
 233            0x08,0x18,0x68,0x80,0x80,0x68,0x18,0x08,0x20,0x30,0x2C,0x03,0x03,0x2C,0x30,0x20,//X 56
 234            0x08,0x38,0xC8,0x00,0xC8,0x38,0x08,0x00,0x00,0x00,0x20,0x3F,0x20,0x00,0x00,0x00,//Y 57
 235            0x10,0x08,0x08,0x08,0xC8,0x38,0x08,0x00,0x20,0x38,0x26,0x21,0x20,0x20,0x18,0x00,//Z 58
 236            0x00,0x00,0x00,0xFE,0x02,0x02,0x02,0x00,0x00,0x00,0x00,0x7F,0x40,0x40,0x40,0x00,//[ 59
 237            0x00,0x0C,0x30,0xC0,0x00,0x00,0x00,0x00,0x00,0x00,0x00,0x01,0x06,0x38,0xC0,0x00,//\ 60
 238            0x00,0x02,0x02,0x02,0xFE,0x00,0x00,0x00,0x00,0x40,0x40,0x40,0x7F,0x00,0x00,0x00,//] 61
 239            0x00,0x00,0x04,0x02,0x02,0x02,0x04,0x00,0x00,0x00,0x00,0x00,0x00,0x00,0x00,0x00,//^ 62
 240            0x00,0x00,0x00,0x00,0x00,0x00,0x00,0x00,0x80,0x80,0x80,0x80,0x80,0x80,0x80,0x80,//_ 63
C51 COMPILER V9.59.0.0   OLED_CODE                                                         02/18/2020 22:45:07 PAGE 5   

 241            0x00,0x02,0x02,0x04,0x00,0x00,0x00,0x00,0x00,0x00,0x00,0x00,0x00,0x00,0x00,0x00,//` 64
 242            0x00,0x00,0x80,0x80,0x80,0x80,0x00,0x00,0x00,0x19,0x24,0x22,0x22,0x22,0x3F,0x20,//a 65
 243            0x08,0xF8,0x00,0x80,0x80,0x00,0x00,0x00,0x00,0x3F,0x11,0x20,0x20,0x11,0x0E,0x00,//b 66
 244            0x00,0x00,0x00,0x80,0x80,0x80,0x00,0x00,0x00,0x0E,0x11,0x20,0x20,0x20,0x11,0x00,//c 67
 245            0x00,0x00,0x00,0x80,0x80,0x88,0xF8,0x00,0x00,0x0E,0x11,0x20,0x20,0x10,0x3F,0x20,//d 68
 246            0x00,0x00,0x80,0x80,0x80,0x80,0x00,0x00,0x00,0x1F,0x22,0x22,0x22,0x22,0x13,0x00,//e 69
 247            0x00,0x80,0x80,0xF0,0x88,0x88,0x88,0x18,0x00,0x20,0x20,0x3F,0x20,0x20,0x00,0x00,//f 70
 248            0x00,0x00,0x80,0x80,0x80,0x80,0x80,0x00,0x00,0x6B,0x94,0x94,0x94,0x93,0x60,0x00,//g 71
 249            0x08,0xF8,0x00,0x80,0x80,0x80,0x00,0x00,0x20,0x3F,0x21,0x00,0x00,0x20,0x3F,0x20,//h 72
 250            0x00,0x80,0x98,0x98,0x00,0x00,0x00,0x00,0x00,0x20,0x20,0x3F,0x20,0x20,0x00,0x00,//i 73
 251            0x00,0x00,0x00,0x80,0x98,0x98,0x00,0x00,0x00,0xC0,0x80,0x80,0x80,0x7F,0x00,0x00,//j 74
 252            0x08,0xF8,0x00,0x00,0x80,0x80,0x80,0x00,0x20,0x3F,0x24,0x02,0x2D,0x30,0x20,0x00,//k 75
 253            0x00,0x08,0x08,0xF8,0x00,0x00,0x00,0x00,0x00,0x20,0x20,0x3F,0x20,0x20,0x00,0x00,//l 76
 254            0x80,0x80,0x80,0x80,0x80,0x80,0x80,0x00,0x20,0x3F,0x20,0x00,0x3F,0x20,0x00,0x3F,//m 77
 255            0x80,0x80,0x00,0x80,0x80,0x80,0x00,0x00,0x20,0x3F,0x21,0x00,0x00,0x20,0x3F,0x20,//n 78
 256            0x00,0x00,0x80,0x80,0x80,0x80,0x00,0x00,0x00,0x1F,0x20,0x20,0x20,0x20,0x1F,0x00,//o 79
 257            0x80,0x80,0x00,0x80,0x80,0x00,0x00,0x00,0x80,0xFF,0xA1,0x20,0x20,0x11,0x0E,0x00,//p 80
 258            0x00,0x00,0x00,0x80,0x80,0x80,0x80,0x00,0x00,0x0E,0x11,0x20,0x20,0xA0,0xFF,0x80,//q 81
 259            0x80,0x80,0x80,0x00,0x80,0x80,0x80,0x00,0x20,0x20,0x3F,0x21,0x20,0x00,0x01,0x00,//r 82
 260            0x00,0x00,0x80,0x80,0x80,0x80,0x80,0x00,0x00,0x33,0x24,0x24,0x24,0x24,0x19,0x00,//s 83
 261            0x00,0x80,0x80,0xE0,0x80,0x80,0x00,0x00,0x00,0x00,0x00,0x1F,0x20,0x20,0x00,0x00,//t 84
 262            0x80,0x80,0x00,0x00,0x00,0x80,0x80,0x00,0x00,0x1F,0x20,0x20,0x20,0x10,0x3F,0x20,//u 85
 263            0x80,0x80,0x80,0x00,0x00,0x80,0x80,0x80,0x00,0x01,0x0E,0x30,0x08,0x06,0x01,0x00,//v 86
 264            0x80,0x80,0x00,0x80,0x00,0x80,0x80,0x80,0x0F,0x30,0x0C,0x03,0x0C,0x30,0x0F,0x00,//w 87
 265            0x00,0x80,0x80,0x00,0x80,0x80,0x80,0x00,0x00,0x20,0x31,0x2E,0x0E,0x31,0x20,0x00,//x 88
 266            0x80,0x80,0x80,0x00,0x00,0x80,0x80,0x80,0x80,0x81,0x8E,0x70,0x18,0x06,0x01,0x00,//y 89
 267            0x00,0x80,0x80,0x80,0x80,0x80,0x80,0x00,0x00,0x21,0x30,0x2C,0x22,0x21,0x30,0x00,//z 90
 268            0x00,0x00,0x00,0x00,0x80,0x7C,0x02,0x02,0x00,0x00,0x00,0x00,0x00,0x3F,0x40,0x40,//{ 91
 269            0x00,0x00,0x00,0x00,0xFF,0x00,0x00,0x00,0x00,0x00,0x00,0x00,0xFF,0x00,0x00,0x00,//| 92
 270            0x00,0x02,0x02,0x7C,0x80,0x00,0x00,0x00,0x00,0x40,0x40,0x3F,0x00,0x00,0x00,0x00,//} 93
 271            0x00,0x06,0x01,0x01,0x02,0x02,0x04,0x04,0x00,0x00,0x00,0x00,0x00,0x00,0x00,0x00,//~ 94
 272          };
 273          
 274          unsigned char code BMP1[] =
 275          {
 276                  0x00,0x03,0x05,0x09,0x11,0xFF,0x11,0x89,0x05,0xC3,0x00,0xE0,0x00,0xF0,0x00,0xF8,
 277                  0x00,0x00,0x00,0x00,0x00,0x00,0x00,0x44,0x28,0xFF,0x11,0xAA,0x44,0x00,0x00,0x00,
 278                  0x00,0x00,0x00,0x00,0x00,0x00,0x00,0x00,0x00,0x00,0x00,0x00,0x00,0x00,0x00,0x00,
 279                  0x00,0x00,0x00,0x00,0x00,0x00,0x00,0x00,0x00,0x00,0x00,0x00,0x00,0x00,0x00,0x00,
 280                  0x00,0x00,0x00,0x00,0x00,0x00,0x00,0x00,0x00,0x00,0x00,0x00,0x00,0x00,0x00,0x00,
 281                  0x00,0x00,0x00,0x00,0x00,0x00,0x00,0x00,0x00,0x00,0x83,0x01,0x38,0x44,0x82,0x92,
 282                  0x92,0x74,0x01,0x83,0x00,0x00,0x00,0x00,0x00,0x00,0x00,0x7C,0x44,0xC7,0x01,0x7D,
 283                  0x7D,0x7D,0x7D,0x01,0x7D,0x7D,0x7D,0x7D,0x01,0x7D,0x7D,0x7D,0x7D,0x01,0xFF,0x00,
 284                  0x00,0x00,0x00,0x00,0x00,0x01,0x00,0x01,0x00,0x01,0x00,0x01,0x00,0x01,0x00,0x01,
 285                  0x00,0x00,0x00,0x00,0x00,0x00,0x00,0x00,0x00,0x01,0x01,0x00,0x00,0x00,0x00,0x00,
 286                  0x00,0x00,0x00,0x00,0x00,0x00,0x00,0x00,0x00,0x00,0x00,0x00,0x00,0x00,0x00,0x00,
 287                  0x00,0x00,0x00,0x00,0x00,0x00,0x00,0x00,0x00,0x00,0x00,0x00,0x00,0x00,0x00,0x00,
 288                  0x00,0x00,0x00,0x00,0x00,0x00,0x00,0x00,0x00,0x00,0x00,0x00,0x00,0x00,0x00,0x00,
 289                  0x00,0x00,0x00,0x00,0x00,0x00,0x00,0x00,0x00,0x00,0x01,0x01,0x00,0x00,0x00,0x00,
 290                  0x00,0x00,0x01,0x01,0x00,0x00,0x00,0x00,0x00,0x00,0x00,0x00,0x00,0x01,0x01,0x01,
 291                  0x01,0x01,0x01,0x01,0x01,0x01,0x01,0x01,0x01,0x01,0x01,0x01,0x01,0x01,0x01,0x00,
 292                  0x00,0x00,0x00,0x00,0x00,0x00,0x00,0x00,0x00,0x40,0x40,0x40,0x40,0x40,0x00,0x00,
 293                  0x6D,0x6D,0x6D,0x6D,0x6D,0x00,0x00,0x60,0x60,0x60,0x60,0x60,0x00,0x00,0x40,0x40,
 294                  0x40,0x40,0x40,0x00,0x00,0x00,0x00,0x00,0x00,0x00,0x00,0x00,0x00,0x00,0x00,0x00,
 295                  0x00,0x00,0x00,0x00,0x00,0x00,0x00,0x00,0x00,0x00,0x00,0x00,0x00,0x00,0x00,0x00,
 296                  0x00,0x00,0x00,0x00,0x00,0x00,0x00,0x00,0x00,0x00,0x00,0x00,0x00,0x00,0x00,0x00,
 297                  0x00,0x00,0x00,0x00,0x00,0x00,0x00,0x00,0x00,0x00,0x00,0x00,0x00,0x00,0x00,0x00,
 298                  0x00,0x00,0x00,0x00,0x00,0x00,0x00,0x00,0x00,0x00,0x00,0x00,0x00,0x00,0x00,0x00,
 299                  0x00,0x00,0x00,0x00,0x00,0x00,0x00,0x00,0x00,0x00,0x00,0x00,0x00,0x00,0x00,0x00,
 300                  0x00,0x00,0x00,0x00,0x00,0x00,0x00,0x00,0x00,0xDB,0xDB,0xDB,0xDB,0xDB,0x00,0x00,
 301                  0xDB,0xDB,0xDB,0xDB,0xDB,0x00,0x00,0xDB,0xDB,0xDB,0xDB,0xDB,0x00,0x00,0xDB,0xDB,
 302                  0xDB,0xDB,0xDB,0x00,0x00,0xDA,0xDA,0xDA,0xDA,0xDA,0x00,0x00,0xD8,0xD8,0xD8,0xD8,
C51 COMPILER V9.59.0.0   OLED_CODE                                                         02/18/2020 22:45:07 PAGE 6   

 303                  0xD8,0x00,0x00,0xC0,0xC0,0xC0,0xC0,0xC0,0x00,0x00,0xC0,0xC0,0xC0,0xC0,0xC0,0x00,
 304                  0x00,0xC0,0xC0,0xC0,0xC0,0xC0,0x00,0x00,0xC0,0xC0,0xC0,0xC0,0xC0,0x00,0x00,0x80,
 305                  0x80,0x80,0x80,0x80,0x00,0x00,0x00,0x00,0x00,0x00,0x00,0x00,0x00,0x00,0x00,0x00,
 306                  0x00,0x00,0x00,0x00,0x00,0x00,0x00,0x00,0x00,0x00,0x00,0x00,0x00,0x00,0x00,0x00,
 307                  0x00,0x00,0x00,0x00,0x00,0x00,0x00,0x00,0x00,0x00,0x00,0x00,0x00,0x00,0x00,0x00,
 308                  0x00,0x00,0x00,0x00,0x00,0x00,0x00,0x00,0x00,0x06,0x06,0x06,0x06,0x06,0x00,0x00,
 309                  0x06,0x06,0x06,0x06,0x06,0x00,0x00,0x06,0x06,0x06,0x06,0x06,0x00,0x00,0x06,0x06,
 310                  0x06,0x06,0x06,0x00,0x00,0x06,0x06,0x06,0xE6,0x66,0x20,0x00,0x06,0x06,0x86,0x06,
 311                  0x06,0x00,0x00,0x06,0x06,0x06,0x06,0x86,0x00,0x00,0x06,0x06,0x06,0x06,0x06,0x00,
 312                  0x00,0x86,0x86,0x86,0x86,0x86,0x80,0x80,0x86,0x86,0x06,0x86,0x86,0xC0,0xC0,0x86,
 313                  0x86,0x86,0x06,0x06,0xD0,0x30,0x76,0x06,0x06,0x06,0x06,0x00,0x00,0x06,0x06,0x06,
 314                  0x06,0x06,0x00,0x00,0x06,0x06,0x06,0x06,0x06,0x00,0x00,0x06,0x06,0x06,0x06,0x06,
 315                  0x00,0x00,0x06,0x06,0x06,0x06,0x06,0x00,0x00,0x00,0x00,0x00,0x00,0x00,0x00,0x00,
 316                  0x00,0x00,0x00,0x00,0x00,0x00,0x00,0x00,0x00,0x00,0x00,0x00,0x00,0x00,0x00,0x00,
 317                  0x00,0x00,0x00,0x00,0x00,0x00,0x00,0x00,0x00,0x00,0x00,0x00,0x00,0x00,0x00,0x00,
 318                  0x00,0x00,0x00,0x00,0x00,0x00,0x00,0x00,0x00,0x00,0x60,0x1C,0x00,0xFE,0x00,0x01,
 319                  0x02,0x00,0xC4,0x18,0x20,0x02,0x9E,0x63,0xB2,0x0E,0x00,0xFF,0x81,0x81,0xFF,0x00,
 320                  0x00,0x80,0x40,0x30,0x0F,0x00,0x00,0x00,0x00,0xFF,0x00,0x23,0xEA,0xAA,0xBF,0xAA,
 321                  0xEA,0x03,0x3F,0x00,0xFF,0x00,0x00,0x00,0x00,0x00,0x00,0x00,0x00,0x00,0x00,0x00,
 322                  0x00,0x00,0x00,0x00,0x00,0x00,0x00,0x00,0x00,0x00,0x00,0x00,0x00,0x00,0x00,0x00,
 323                  0x00,0x00,0x00,0x00,0x00,0x00,0x00,0x00,0x00,0x00,0x00,0x00,0x00,0x00,0x00,0x00,
 324                  0x00,0x00,0x00,0x80,0x80,0x80,0x00,0x00,0x00,0x00,0x00,0x80,0x80,0x80,0x00,0x00,
 325                  0x00,0x00,0x00,0x00,0x00,0x00,0x00,0x00,0x00,0x00,0x00,0x00,0x00,0x00,0x00,0x00,
 326                  0x00,0x00,0x00,0x00,0x00,0x00,0x00,0x00,0x0E,0x0C,0x08,0x00,0x00,0x01,0x01,0x01,
 327                  0x01,0x01,0x00,0x00,0x00,0x01,0x00,0x00,0x00,0x01,0x00,0x81,0x80,0x80,0x81,0x80,
 328                  0x81,0x80,0x80,0x80,0x80,0x01,0x01,0x01,0x01,0x00,0x00,0x00,0x01,0x00,0x00,0x00,
 329                  0x01,0x00,0x01,0x01,0x09,0x0C,0x0E,0x00,0x00,0x00,0x00,0x00,0x00,0x00,0x00,0x00,
 330                  0x00,0x00,0x00,0x00,0x00,0x00,0x00,0x00,0xC0,0xC0,0xC0,0xC0,0xC0,0xC0,0xC0,0xC0,
 331                  0xC0,0xC0,0xC0,0xC0,0xC0,0xC0,0xC0,0xC0,0xC0,0xC0,0xC0,0xC0,0xC0,0xC0,0xC0,0x00,
 332                  0x00,0x1E,0x21,0x40,0x40,0x50,0x21,0x5E,0x00,0x1E,0x21,0x40,0x40,0x50,0x21,0x5E,
 333                  0x00,0x00,0x00,0x00,0x00,0x00,0x00,0x00,0x00,0x00,0x00,0x00,0x00,0x00,0x00,0x00,
 334                  0x00,0x00,0x00,0x00,0x00,0x00,0x00,0x00,0x00,0x00,0x00,0x00,0x00,0x00,0x00,0x00,
 335                  0x00,0x00,0x00,0x00,0x00,0x00,0x00,0x00,0x00,0x00,0x00,0xFF,0xFF,0xC1,0xC1,0xFF,
 336                  0xFF,0xC1,0xC1,0xFF,0xFF,0x00,0x00,0x00,0x00,0x00,0x00,0x00,0x00,0x00,0x00,0x00,
 337                  0x00,0x00,0x00,0x00,0x00,0x00,0x00,0x00,0x00,0x00,0x00,0x00,0x00,0x00,0x00,0x00,
 338                  0x00,0x00,0x00,0x00,0x00,0x00,0x00,0x00,0xFF,0xFF,0x80,0xFC,0xF3,0xEF,0xF3,0xFC,
 339                  0x80,0xFF,0x80,0xEE,0xEE,0xEE,0xF5,0xFB,0xFF,0x9C,0xBE,0xB6,0xB6,0x88,0xFF,0x00,/*"D:\DreamSpark\OLED\MP3
             -_UI.bmp",0*/
 340          };


MODULE INFORMATION:   STATIC OVERLAYABLE
   CODE SIZE        =   ----    ----
   CONSTANT SIZE    =   4120    ----
   XDATA SIZE       =   ----    ----
   PDATA SIZE       =   ----    ----
   DATA SIZE        =   ----    ----
   IDATA SIZE       =   ----    ----
   BIT SIZE         =   ----    ----
END OF MODULE INFORMATION.


C51 COMPILATION COMPLETE.  0 WARNING(S),  0 ERROR(S)
