C51 COMPILER V9.59.0.0   OLED_MAIN                                                         02/18/2020 22:45:10 PAGE 1   


C51 COMPILER V9.59.0.0, COMPILATION OF MODULE OLED_MAIN
OBJECT MODULE PLACED IN .\Objects\OLED_Main.obj
COMPILER INVOKED BY: D:\Keil5\C51\C51\BIN\C51.EXE OLED_Main.c LARGE OPTIMIZE(8,SPEED) BROWSE DEBUG OBJECTEXTEND PRINT(.\
                    -Listings\OLED_Main.lst) OBJECT(.\Objects\OLED_Main.obj)

line level    source

   1          #include "Headers.h"
   2          
   3          
   4          void main()
   5          {
   6   1              unsigned char i;
   7   1      
   8   1              OLED_Init(); //OLED初始化
   9   1              while(1)
  10   1              {
  11   2      //              OLED_Fill(0xff); //屏全亮
  12   2      //              delay(2000);
  13   2      //              OLED_Fill(0x00); //屏全灭
  14   2      //              delay(200);
  15   2                      OLED_P16x16Ch(24,0,1);
  16   2                      OLED_P16x16Ch(40,0,2);
  17   2                      OLED_P16x16Ch(57,0,3);
  18   2                      OLED_P16x16Ch(74,0,4);
  19   2                      OLED_P16x16Ch(91,0,5);
  20   2                      for(i=0; i<8; i++)//通过点整显示汉字 -- i表示字表数组的位置
  21   2                      {
  22   3      //                      OLED_P16x16Ch(i*16,0,i);
  23   3                              OLED_P16x16Ch(i*16,2,i+8);
  24   3                              OLED_P16x16Ch(i*16,4,i+16);
  25   3                              OLED_P16x16Ch(i*16,6,i+24);
  26   3                      }
  27   2                      delay(4000);
  28   2                      OLED_CLS();//清屏
  29   2      
  30   2                      OLED_P8x16Str(0,0,"HelTec");//第一行 -- 8x16的显示单元显示ASCII码
  31   2                      OLED_P8x16Str(0,2,"OLED Display");
  32   2                      OLED_P8x16Str(0,4,"www.heltec.cn");
  33   2                      OLED_P6x8Str(0,6,"cn.heltec@gmail.com");
  34   2                      OLED_P6x8Str(0,7,"heltec.taobao.com");
  35   2                      delay(4000);
  36   2                      OLED_CLS();
  37   2      
  38   2                      Draw_BMP(0,0,128,8,BMP1);  //图片显示(图片显示慎用，生成的字表较大，会占用较多空间，FLASH空间8K以下慎用)
  39   2                      delay(8000);
  40   2              }
  41   1      }


MODULE INFORMATION:   STATIC OVERLAYABLE
   CODE SIZE        =    290    ----
   CONSTANT SIZE    =     72    ----
   XDATA SIZE       =   ----       1
   PDATA SIZE       =   ----    ----
   DATA SIZE        =   ----    ----
   IDATA SIZE       =   ----    ----
   BIT SIZE         =   ----    ----
END OF MODULE INFORMATION.


C51 COMPILATION COMPLETE.  0 WARNING(S),  0 ERROR(S)
