C51 COMPILER V9.59.0.0   OLED_MAIN                                                         02/18/2020 22:34:07 PAGE 1   


C51 COMPILER V9.59.0.0, COMPILATION OF MODULE OLED_MAIN
OBJECT MODULE PLACED IN .\Objects\OLED_Main.obj
COMPILER INVOKED BY: D:\Keil5\C51\C51\BIN\C51.EXE OLED_Main.c LARGE OPTIMIZE(8,SPEED) BROWSE DEBUG OBJECTEXTEND PRINT(.\
                    -Listings\OLED_Main.lst) OBJECT(.\Objects\OLED_Main.obj)

line level    source

   1          #include "Headers.h"
   2          
   3          
   4          void main()
   5          {
   6   1              OLED_Init(); //OLED初始化
   7   1              while(1)
   8   1              {
   9   2      //              OLED_Fill(0xff); //屏全亮
  10   2      //              delay(2000);
  11   2      //              OLED_Fill(0x00); //屏全灭
  12   2      //              delay(200);
  13   2                      Draw_BMP(0,0,128,8,BMP1);  //图片显示(图片显示慎用，生成的字表较大，会占用较多空间，FLASH空间8K以下慎用)
  14   2                      delay(8000);
  15   2                      OLED_CLS();      //清屏
  16   2              }
  17   1      
  18   1      }


MODULE INFORMATION:   STATIC OVERLAYABLE
   CODE SIZE        =     47    ----
   CONSTANT SIZE    =   ----    ----
   XDATA SIZE       =   ----    ----
   PDATA SIZE       =   ----    ----
   DATA SIZE        =   ----    ----
   IDATA SIZE       =   ----    ----
   BIT SIZE         =   ----    ----
END OF MODULE INFORMATION.


C51 COMPILATION COMPLETE.  0 WARNING(S),  0 ERROR(S)
