C51 COMPILER V9.60.0.0   OLED_CODE                                                         02/20/2020 16:44:21 PAGE 1   


C51 COMPILER V9.60.0.0, COMPILATION OF MODULE OLED_CODE
OBJECT MODULE PLACED IN .\Objects\OLED_Code.obj
COMPILER INVOKED BY: D:\Keil5\C51\BIN\C51.EXE OLED_Code.c LARGE OPTIMIZE(8,SPEED) BROWSE DEBUG OBJECTEXTEND PRINT(.\List
                    -ings\OLED_Code.lst) TABS(2) OBJECT(.\Objects\OLED_Code.obj)

line level    source

   1          #include "Headers.h"
   2          
   3          
   4          /************************************6*8µÄµãÕó************************************/
   5          const unsigned char code F6x8[][6] =
   6          {
   7          0x00, 0x00, 0x00, 0x00, 0x00, 0x00,// sp
   8          0x00, 0x00, 0x00, 0x2f, 0x00, 0x00,// !
   9          0x00, 0x00, 0x07, 0x00, 0x07, 0x00,// "
  10          0x00, 0x14, 0x7f, 0x14, 0x7f, 0x14,// #
  11          0x00, 0x24, 0x2a, 0x7f, 0x2a, 0x12,// $
  12          0x00, 0x62, 0x64, 0x08, 0x13, 0x23,// %
  13          0x00, 0x36, 0x49, 0x55, 0x22, 0x50,// &
  14          0x00, 0x00, 0x05, 0x03, 0x00, 0x00,// '
  15          0x00, 0x00, 0x1c, 0x22, 0x41, 0x00,// (
  16          0x00, 0x00, 0x41, 0x22, 0x1c, 0x00,// )
  17          0x00, 0x14, 0x08, 0x3E, 0x08, 0x14,// *
  18          0x00, 0x08, 0x08, 0x3E, 0x08, 0x08,// +
  19          0x00, 0x00, 0x00, 0xA0, 0x60, 0x00,// ,
  20          0x00, 0x08, 0x08, 0x08, 0x08, 0x08,// -
  21          0x00, 0x00, 0x60, 0x60, 0x00, 0x00,// .
  22          0x00, 0x20, 0x10, 0x08, 0x04, 0x02,// /
  23          0x00, 0x3E, 0x51, 0x49, 0x45, 0x3E,// 0
  24          0x00, 0x00, 0x42, 0x7F, 0x40, 0x00,// 1
  25          0x00, 0x42, 0x61, 0x51, 0x49, 0x46,// 2
  26          0x00, 0x21, 0x41, 0x45, 0x4B, 0x31,// 3
  27          0x00, 0x18, 0x14, 0x12, 0x7F, 0x10,// 4
  28          0x00, 0x27, 0x45, 0x45, 0x45, 0x39,// 5
  29          0x00, 0x3C, 0x4A, 0x49, 0x49, 0x30,// 6
  30          0x00, 0x01, 0x71, 0x09, 0x05, 0x03,// 7
  31          0x00, 0x36, 0x49, 0x49, 0x49, 0x36,// 8
  32          0x00, 0x06, 0x49, 0x49, 0x29, 0x1E,// 9
  33          0x00, 0x00, 0x36, 0x36, 0x00, 0x00,// :
  34          0x00, 0x00, 0x56, 0x36, 0x00, 0x00,// ;
  35          0x00, 0x08, 0x14, 0x22, 0x41, 0x00,// <
  36          0x00, 0x14, 0x14, 0x14, 0x14, 0x14,// =
  37          0x00, 0x00, 0x41, 0x22, 0x14, 0x08,// >
  38          0x00, 0x02, 0x01, 0x51, 0x09, 0x06,// ?
  39          0x00, 0x32, 0x49, 0x59, 0x51, 0x3E,// @
  40          0x00, 0x7C, 0x12, 0x11, 0x12, 0x7C,// A
  41          0x00, 0x7F, 0x49, 0x49, 0x49, 0x36,// B
  42          0x00, 0x3E, 0x41, 0x41, 0x41, 0x22,// C
  43          0x00, 0x7F, 0x41, 0x41, 0x22, 0x1C,// D
  44          0x00, 0x7F, 0x49, 0x49, 0x49, 0x41,// E
  45          0x00, 0x7F, 0x09, 0x09, 0x09, 0x01,// F
  46          0x00, 0x3E, 0x41, 0x49, 0x49, 0x7A,// G
  47          0x00, 0x7F, 0x08, 0x08, 0x08, 0x7F,// H
  48          0x00, 0x00, 0x41, 0x7F, 0x41, 0x00,// I
  49          0x00, 0x20, 0x40, 0x41, 0x3F, 0x01,// J
  50          0x00, 0x7F, 0x08, 0x14, 0x22, 0x41,// K
  51          0x00, 0x7F, 0x40, 0x40, 0x40, 0x40,// L
  52          0x00, 0x7F, 0x02, 0x0C, 0x02, 0x7F,// M
  53          0x00, 0x7F, 0x04, 0x08, 0x10, 0x7F,// N
  54          0x00, 0x3E, 0x41, 0x41, 0x41, 0x3E,// O
C51 COMPILER V9.60.0.0   OLED_CODE                                                         02/20/2020 16:44:21 PAGE 2   

  55          0x00, 0x7F, 0x09, 0x09, 0x09, 0x06,// P
  56          0x00, 0x3E, 0x41, 0x51, 0x21, 0x5E,// Q
  57          0x00, 0x7F, 0x09, 0x19, 0x29, 0x46,// R
  58          0x00, 0x46, 0x49, 0x49, 0x49, 0x31,// S
  59          0x00, 0x01, 0x01, 0x7F, 0x01, 0x01,// T
  60          0x00, 0x3F, 0x40, 0x40, 0x40, 0x3F,// U
  61          0x00, 0x1F, 0x20, 0x40, 0x20, 0x1F,// V
  62          0x00, 0x3F, 0x40, 0x38, 0x40, 0x3F,// W
  63          0x00, 0x63, 0x14, 0x08, 0x14, 0x63,// X
  64          0x00, 0x07, 0x08, 0x70, 0x08, 0x07,// Y
  65          0x00, 0x61, 0x51, 0x49, 0x45, 0x43,// Z
  66          0x00, 0x00, 0x7F, 0x41, 0x41, 0x00,// [
  67          0x00, 0x55, 0x2A, 0x55, 0x2A, 0x55,// 55
  68          0x00, 0x00, 0x41, 0x41, 0x7F, 0x00,// ]
  69          0x00, 0x04, 0x02, 0x01, 0x02, 0x04,// ^
  70          0x00, 0x40, 0x40, 0x40, 0x40, 0x40,// _
  71          0x00, 0x00, 0x01, 0x02, 0x04, 0x00,// '
  72          0x00, 0x20, 0x54, 0x54, 0x54, 0x78,// a
  73          0x00, 0x7F, 0x48, 0x44, 0x44, 0x38,// b
  74          0x00, 0x38, 0x44, 0x44, 0x44, 0x20,// c
  75          0x00, 0x38, 0x44, 0x44, 0x48, 0x7F,// d
  76          0x00, 0x38, 0x54, 0x54, 0x54, 0x18,// e
  77          0x00, 0x08, 0x7E, 0x09, 0x01, 0x02,// f
  78          0x00, 0x18, 0xA4, 0xA4, 0xA4, 0x7C,// g
  79          0x00, 0x7F, 0x08, 0x04, 0x04, 0x78,// h
  80          0x00, 0x00, 0x44, 0x7D, 0x40, 0x00,// i
  81          0x00, 0x40, 0x80, 0x84, 0x7D, 0x00,// j
  82          0x00, 0x7F, 0x10, 0x28, 0x44, 0x00,// k
  83          0x00, 0x00, 0x41, 0x7F, 0x40, 0x00,// l
  84          0x00, 0x7C, 0x04, 0x18, 0x04, 0x78,// m
  85          0x00, 0x7C, 0x08, 0x04, 0x04, 0x78,// n
  86          0x00, 0x38, 0x44, 0x44, 0x44, 0x38,// o
  87          0x00, 0xFC, 0x24, 0x24, 0x24, 0x18,// p
  88          0x00, 0x18, 0x24, 0x24, 0x18, 0xFC,// q
  89          0x00, 0x7C, 0x08, 0x04, 0x04, 0x08,// r
  90          0x00, 0x48, 0x54, 0x54, 0x54, 0x20,// s
  91          0x00, 0x04, 0x3F, 0x44, 0x40, 0x20,// t
  92          0x00, 0x3C, 0x40, 0x40, 0x20, 0x7C,// u
  93          0x00, 0x1C, 0x20, 0x40, 0x20, 0x1C,// v
  94          0x00, 0x3C, 0x40, 0x30, 0x40, 0x3C,// w
  95          0x00, 0x44, 0x28, 0x10, 0x28, 0x44,// x
  96          0x00, 0x1C, 0xA0, 0xA0, 0xA0, 0x7C,// y
  97          0x00, 0x44, 0x64, 0x54, 0x4C, 0x44,// z
  98          0x14, 0x14, 0x14, 0x14, 0x14, 0x14,// horiz lines
  99          };


MODULE INFORMATION:   STATIC OVERLAYABLE
   CODE SIZE        =   ----    ----
   CONSTANT SIZE    =    552    ----
   XDATA SIZE       =   ----    ----
   PDATA SIZE       =   ----    ----
   DATA SIZE        =   ----    ----
   IDATA SIZE       =   ----    ----
   BIT SIZE         =   ----    ----
END OF MODULE INFORMATION.


C51 COMPILATION COMPLETE.  0 WARNING(S),  0 ERROR(S)
