C51 COMPILER V9.60.0.0   OLED_MAIN                                                         02/20/2020 16:44:21 PAGE 1   


C51 COMPILER V9.60.0.0, COMPILATION OF MODULE OLED_MAIN
OBJECT MODULE PLACED IN .\Objects\OLED_Main.obj
COMPILER INVOKED BY: D:\Keil5\C51\BIN\C51.EXE OLED_Main.c LARGE OPTIMIZE(8,SPEED) BROWSE DEBUG OBJECTEXTEND PRINT(.\List
                    -ings\OLED_Main.lst) TABS(2) OBJECT(.\Objects\OLED_Main.obj)

line level    source

   1          #include "Headers.h"
   2          
   3          
   4          void main()
   5          {
   6   1        OLED_Init(); //OLED初始化
   7   1        while(1)
   8   1        {
   9   2      //    OLED_Fill(0xff); //屏全亮
  10   2      //    delay(2000);
  11   2      //    OLED_Fill(0x00); //屏全灭
  12   2      //    delay(200);
  13   2          OLED_P6x8Str(0,7,"cn.heltec@gmail.com");
  14   2          OLED_P6x8Str(0,8,"heltec.taobao.com");
  15   2          delay(4000);
  16   2          OLED_CLS();      //清屏
  17   2          delay(4000);
  18   2        }
  19   1      
  20   1      
  21   1      }


MODULE INFORMATION:   STATIC OVERLAYABLE
   CODE SIZE        =     52    ----
   CONSTANT SIZE    =     38    ----
   XDATA SIZE       =   ----    ----
   PDATA SIZE       =   ----    ----
   DATA SIZE        =   ----    ----
   IDATA SIZE       =   ----    ----
   BIT SIZE         =   ----    ----
END OF MODULE INFORMATION.


C51 COMPILATION COMPLETE.  0 WARNING(S),  0 ERROR(S)
